<?xml version="1.0" encoding="UTF-8"?>
<!-- Generated by org.testng.reporters.JUnitReportReporter -->
<testsuite hostname="DESKTOP-C2S5MS9" failures="0" tests="1" name="First.FirstProgram" time="0.025" errors="0" timestamp="2023-05-17T13:01:34 IST" skipped="0">
  <testcase classname="First.FirstProgram" name="m" time="0.025"/>
  <system-out/>
</testsuite> <!-- First.FirstProgram -->
