<?xml version="1.0" encoding="UTF-8"?>
<!-- Generated by org.testng.reporters.JUnitReportReporter -->
<testsuite hostname="DESKTOP-C2S5MS9" failures="0" tests="2" name="First.NewTest" time="0.015" errors="0" timestamp="2023-07-12T15:11:13 IST" skipped="0">
  <testcase classname="First.NewTest" name="g" time="0.001"/>
  <system-out/>
  <testcase classname="First.NewTest" name="f" time="0.014"/>
  <system-out/>
</testsuite> <!-- First.NewTest -->
